<?xml version="1.0" encoding="UTF-8"?>
<!-- Generated by org.testng.reporters.JUnitReportReporter -->
<testsuite hostname="Thanh-Binhs-MBP" failures="0" tests="13" name="com.nopcommerce.user.Level_05_WebDriverManager_SeleniumManager" time="12.493" errors="1" timestamp="16 Jul 2023 07:13:52 GMT" skipped="6">
  <testcase classname="com.nopcommerce.user.Level_05_WebDriverManager_SeleniumManager" name="Register_02_Invalid_Email" time="2.008"/>
  <testcase classname="com.nopcommerce.user.Level_05_WebDriverManager_SeleniumManager" name="Register_03_Invalid_Password" time="0.000">
    <skipped/>
  </testcase> <!-- Register_03_Invalid_Password -->
  <testcase classname="com.nopcommerce.user.Level_05_WebDriverManager_SeleniumManager" name="Register_01_Empty_Data" time="0.000">
    <skipped/>
  </testcase> <!-- Register_01_Empty_Data -->
  <testcase classname="com.nopcommerce.user.Level_05_WebDriverManager_SeleniumManager" name="Register_04_Incorrect_Confirm_Password" time="0.000">
    <skipped/>
  </testcase> <!-- Register_04_Incorrect_Confirm_Password -->
  <testcase classname="com.nopcommerce.user.Level_05_WebDriverManager_SeleniumManager" name="beforeClass" time="2.368">
    <error message="Could not start a new session. Response code 500. Message: session not created: This version of ChromeDriver only supports Chrome version 84 
Host info: host: &#039;Thanh-Binhs-MBP&#039;, ip: &#039;2405:4803:c689:cf00:ffff:ffff:ffff:ff98%en0&#039;
Build info: version: &#039;4.10.0&#039;, revision: &#039;c14d967899&#039;
System info: os.name: &#039;Mac OS X&#039;, os.arch: &#039;x86_64&#039;, os.version: &#039;12.6.7&#039;, java.version: &#039;11.0.17&#039;
Driver info: org.openqa.selenium.chrome.ChromeDriver
Command: [null, newSession {capabilities=[Capabilities {browserName: chrome, goog:chromeOptions: {args: [--remote-allow-origins=*], extensions: []}}]}]" type="org.openqa.selenium.SessionNotCreatedException">
      <![CDATA[org.openqa.selenium.SessionNotCreatedException: Could not start a new session. Response code 500. Message: session not created: This version of ChromeDriver only supports Chrome version 84 
Host info: host: 'Thanh-Binhs-MBP', ip: '2405:4803:c689:cf00:ffff:ffff:ffff:ff98%en0'
Build info: version: '4.10.0', revision: 'c14d967899'
System info: os.name: 'Mac OS X', os.arch: 'x86_64', os.version: '12.6.7', java.version: '11.0.17'
Driver info: org.openqa.selenium.chrome.ChromeDriver
Command: [null, newSession {capabilities=[Capabilities {browserName: chrome, goog:chromeOptions: {args: [--remote-allow-origins=*], extensions: []}}]}]
at org.openqa.selenium.remote.ProtocolHandshake.createSession(ProtocolHandshake.java:140)
at org.openqa.selenium.remote.ProtocolHandshake.createSession(ProtocolHandshake.java:96)
at org.openqa.selenium.remote.ProtocolHandshake.createSession(ProtocolHandshake.java:68)
at org.openqa.selenium.remote.HttpCommandExecutor.execute(HttpCommandExecutor.java:163)
at org.openqa.selenium.remote.service.DriverCommandExecutor.invokeExecute(DriverCommandExecutor.java:196)
at org.openqa.selenium.remote.service.DriverCommandExecutor.execute(DriverCommandExecutor.java:171)
at org.openqa.selenium.remote.RemoteWebDriver.execute(RemoteWebDriver.java:531)
at org.openqa.selenium.remote.RemoteWebDriver.startSession(RemoteWebDriver.java:227)
at org.openqa.selenium.remote.RemoteWebDriver.<init>(RemoteWebDriver.java:154)
at org.openqa.selenium.chromium.ChromiumDriver.<init>(ChromiumDriver.java:107)
at org.openqa.selenium.chrome.ChromeDriver.<init>(ChromeDriver.java:87)
at org.openqa.selenium.chrome.ChromeDriver.<init>(ChromeDriver.java:82)
at org.openqa.selenium.chrome.ChromeDriver.<init>(ChromeDriver.java:50)
at commons.BaseTest.getBrowserDriver(BaseTest.java:26)
at com.nopcommerce.user.Level_05_WebDriverManager_SeleniumManager.beforeClass(Level_05_WebDriverManager_SeleniumManager.java:29)
at java.base/jdk.internal.reflect.NativeMethodAccessorImpl.invoke0(Native Method)
at java.base/jdk.internal.reflect.NativeMethodAccessorImpl.invoke(NativeMethodAccessorImpl.java:62)
at java.base/jdk.internal.reflect.DelegatingMethodAccessorImpl.invoke(DelegatingMethodAccessorImpl.java:43)
at java.base/java.lang.reflect.Method.invoke(Method.java:566)
at org.testng.internal.MethodInvocationHelper.invokeMethod(MethodInvocationHelper.java:124)
at org.testng.internal.MethodInvocationHelper.invokeMethodConsideringTimeout(MethodInvocationHelper.java:59)
at org.testng.internal.Invoker.invokeConfigurationMethod(Invoker.java:458)
at org.testng.internal.Invoker.invokeConfigurations(Invoker.java:222)
at org.testng.internal.Invoker.invokeConfigurations(Invoker.java:142)
at org.testng.internal.TestMethodWorker.invokeBeforeClassMethods(TestMethodWorker.java:168)
at org.testng.internal.TestMethodWorker.run(TestMethodWorker.java:105)
at org.testng.TestRunner.privateRun(TestRunner.java:648)
at org.testng.TestRunner.run(TestRunner.java:505)
at org.testng.SuiteRunner.runTest(SuiteRunner.java:455)
at org.testng.SuiteRunner.runSequentially(SuiteRunner.java:450)
at org.testng.SuiteRunner.privateRun(SuiteRunner.java:415)
at org.testng.SuiteRunner.run(SuiteRunner.java:364)
at org.testng.SuiteRunnerWorker.runSuite(SuiteRunnerWorker.java:52)
at org.testng.SuiteRunnerWorker.run(SuiteRunnerWorker.java:84)
at org.testng.TestNG.runSuitesSequentially(TestNG.java:1208)
at org.testng.TestNG.runSuitesLocally(TestNG.java:1137)
at org.testng.TestNG.runSuites(TestNG.java:1049)
at org.testng.TestNG.run(TestNG.java:1017)
at org.testng.remote.AbstractRemoteTestNG.run(AbstractRemoteTestNG.java:115)
at org.testng.remote.RemoteTestNG.initAndRun(RemoteTestNG.java:251)
at org.testng.remote.RemoteTestNG.main(RemoteTestNG.java:77)
]]>
    </error>
  </testcase> <!-- beforeClass -->
  <testcase classname="com.nopcommerce.user.Level_05_WebDriverManager_SeleniumManager" name="Register_06_Verify_Login" time="0.000">
    <skipped/>
  </testcase> <!-- Register_06_Verify_Login -->
  <testcase classname="com.nopcommerce.user.Level_05_WebDriverManager_SeleniumManager" name="Register_01_Empty_Data" time="1.047"/>
  <testcase classname="com.nopcommerce.user.Level_05_WebDriverManager_SeleniumManager" name="Register_04_Incorrect_Confirm_Password" time="1.823"/>
  <testcase classname="com.nopcommerce.user.Level_05_WebDriverManager_SeleniumManager" name="Register_02_Invalid_Email" time="0.000">
    <skipped/>
  </testcase> <!-- Register_02_Invalid_Email -->
  <testcase classname="com.nopcommerce.user.Level_05_WebDriverManager_SeleniumManager" name="Register_03_Invalid_Password" time="1.332"/>
  <testcase classname="com.nopcommerce.user.Level_05_WebDriverManager_SeleniumManager" name="Register_05_Success" time="1.778"/>
  <testcase classname="com.nopcommerce.user.Level_05_WebDriverManager_SeleniumManager" name="Register_06_Verify_Login" time="2.137"/>
  <testcase classname="com.nopcommerce.user.Level_05_WebDriverManager_SeleniumManager" name="Register_05_Success" time="0.000">
    <skipped/>
  </testcase> <!-- Register_05_Success -->
</testsuite> <!-- com.nopcommerce.user.Level_05_WebDriverManager_SeleniumManager -->
